#
# A fatal error has been detected by the Java Runtime Environment:
#
#  EXCEPTION_UNCAUGHT_CXX_EXCEPTION (0xe06d7363) at pc=0x00007ffc1b36606c, pid=7684, tid=6408
#
# JRE version: Java(TM) SE Runtime Environment (8.0_25-b18) (build 1.8.0_25-b18)
# Java VM: Java HotSpot(TM) 64-Bit Server VM (25.25-b02 mixed mode windows-amd64 compressed oops)
# Problematic frame:
# C  [KERNELBASE.dll+0x606c]
#
# Failed to write core dump. Minidumps are not enabled by default on client versions of Windows
#
# If you would like to submit a bug report, please visit:
#   http://bugreport.sun.com/bugreport/crash.jsp
# The crash happened outside the Java Virtual Machine in native code.
# See problematic frame for where to report the bug.
#

---------------  T H R E A D  ---------------

Current thread (0x0000000019754000):  JavaThread "http-bio-8080-exec-39" daemon [_thread_in_native, id=6408, stack(0x0000000021370000,0x0000000021470000)]

siginfo: ExceptionCode=0xe06d7363, ExceptionInformation=0x0000000019930520 0x000000002146d9d0 0x00007ffbfaf58170 0x00007ffbfae60000 

Registers:
RAX=0x0000000000140012, RBX=0x00007ffbfaf58170, RCX=0x000000002146d320, RDX=0x00000000001d2840
RSP=0x000000002146d850, RBP=0x000000002146da60, RSI=0x00000000d7685d78, RDI=0x000000001d181b70
R8 =0x000000002146d5e8, R9 =0x004c00440054004e, R10=0x004c0044002e004c, R11=0x000000000000004c
R12=0x0000000000000000, R13=0x000000002146dac8, R14=0x0000000000000000, R15=0x0000000019754000
RIP=0x00007ffc1b36606c, EFLAGS=0x0000000000000206

Top of Stack: (sp=0x000000002146d850)
0x000000002146d850:   0000000000000000 00007ffbfaf58170
0x000000002146d860:   00000000d7685d78 000000001d181b70
0x000000002146d870:   00000001e06d7363 0000000000000000
0x000000002146d880:   00007ffc1b36606c 0000000000000004
0x000000002146d890:   0000000019930520 000000002146d9d0
0x000000002146d8a0:   00007ffbfaf58170 00007ffbfae60000
0x000000002146d8b0:   0000000000000001 00000000d7678d20
0x000000002146d8c0:   00000000d76739b0 000000002146d8c8
0x000000002146d8d0:   00000000165876a1 000000002146d948
0x000000002146d8e0:   0000000016589690 0000000000000000
0x000000002146d8f0:   00000000165876f8 0000000000000000
0x000000002146d900:   0000000019754000 0000000000000000
0x000000002146d910:   000004cb1cf9cbb3 00000000d7685d78
0x000000002146d920:   00007ffbfaf58170 0000000055ebb164
0x000000002146d930:   0000000000000000 000000002146d9a0
0x000000002146d940:   0000000000000001 0000000000000000 

Instructions: (pc=0x00007ffc1b36606c)
0x00007ffc1b36604c:   44 3b c0 44 0f 47 c0 44 89 44 24 38 49 c1 e0 03
0x00007ffc1b36605c:   e8 cb b5 ff ff 48 8d 4c 24 20 ff 15 fc e5 0f 00
0x00007ffc1b36606c:   48 8b 8c 24 c0 00 00 00 48 33 cc e8 84 b3 ff ff
0x00007ffc1b36607c:   48 81 c4 d8 00 00 00 c3 90 90 90 90 90 90 90 90 


Register to memory mapping:

RAX=0x0000000000140012 is an unknown value
RBX=0x00007ffbfaf58170 is an unknown value
RCX=0x000000002146d320 is pointing into the stack for thread: 0x0000000019754000
RDX=0x00000000001d2840 is an unknown value
RSP=0x000000002146d850 is pointing into the stack for thread: 0x0000000019754000
RBP=0x000000002146da60 is pointing into the stack for thread: 0x0000000019754000
RSI=0x00000000d7685d78 is an oop
com.fxcore2.O2GSession 
 - klass: 'com/fxcore2/O2GSession'
RDI=0x000000001d181b70 is pointing into metadata
R8 =0x000000002146d5e8 is pointing into the stack for thread: 0x0000000019754000
R9 =0x004c00440054004e is an unknown value
R10=0x004c0044002e004c is an unknown value
R11=0x000000000000004c is an unknown value
R12=0x0000000000000000 is an unknown value
R13=0x000000002146dac8 is pointing into the stack for thread: 0x0000000019754000
R14=0x0000000000000000 is an unknown value
R15=0x0000000019754000 is a thread


Stack: [0x0000000021370000,0x0000000021470000],  sp=0x000000002146d850,  free space=1014k
Native frames: (J=compiled Java code, j=interpreted, Vv=VM code, C=native code)
C  [KERNELBASE.dll+0x606c]
C  [MSVCR80.dll+0x3b164]
C  [ForexConnect.dll+0x341b]
C  [MSVCR80.dll+0x61c77]
C  0x0000000002c82a3d

Java frames: (J=compiled Java code, j=interpreted, Vv=VM code)
J 3716  com.fxcore2.O2GSession.releaseSessionNativeListener(J)V (0 bytes) @ 0x0000000002c829bb [0x0000000002c82980+0x3b]
J 3494 C1 com.fxcore2.O2GSession.dispose()V (26 bytes) @ 0x0000000002b6094c [0x0000000002b608c0+0x8c]
j  com.supertrade.dkmonster.closePosition.main([Ljava/lang/String;)Ljava/util/Map;+675
j  com.supertrade.dkmonster.AjaxClosePosition.doPost(Ljavax/servlet/http/HttpServletRequest;Ljavax/servlet/http/HttpServletResponse;)V+182
J 3693 C1 javax.servlet.http.HttpServlet.service(Ljavax/servlet/http/HttpServletRequest;Ljavax/servlet/http/HttpServletResponse;)V (269 bytes) @ 0x0000000002533e34 [0x0000000002532a40+0x13f4]
J 3692 C1 javax.servlet.http.HttpServlet.service(Ljavax/servlet/ServletRequest;Ljavax/servlet/ServletResponse;)V (34 bytes) @ 0x0000000002c776ec [0x0000000002c773e0+0x30c]
J 2816 C1 org.apache.catalina.core.ApplicationFilterChain.internalDoFilter(Ljavax/servlet/ServletRequest;Ljavax/servlet/ServletResponse;)V (624 bytes) @ 0x000000000294357c [0x00000000029426a0+0xedc]
J 2815 C1 org.apache.catalina.core.ApplicationFilterChain.doFilter(Ljavax/servlet/ServletRequest;Ljavax/servlet/ServletResponse;)V (105 bytes) @ 0x000000000293e64c [0x000000000293e5c0+0x8c]
J 3452 C1 org.apache.tomcat.websocket.server.WsFilter.doFilter(Ljavax/servlet/ServletRequest;Ljavax/servlet/ServletResponse;Ljavax/servlet/FilterChain;)V (129 bytes) @ 0x0000000002b4a8f4 [0x0000000002b49e40+0xab4]
J 2816 C1 org.apache.catalina.core.ApplicationFilterChain.internalDoFilter(Ljavax/servlet/ServletRequest;Ljavax/servlet/ServletResponse;)V (624 bytes) @ 0x0000000002942ce4 [0x00000000029426a0+0x644]
J 2815 C1 org.apache.catalina.core.ApplicationFilterChain.doFilter(Ljavax/servlet/ServletRequest;Ljavax/servlet/ServletResponse;)V (105 bytes) @ 0x000000000293e64c [0x000000000293e5c0+0x8c]
J 3876 C1 org.apache.catalina.filters.CorsFilter.handleSimpleCORS(Ljavax/servlet/http/HttpServletRequest;Ljavax/servlet/http/HttpServletResponse;Ljavax/servlet/FilterChain;)V (215 bytes) @ 0x0000000002257aa4 [0x0000000002256f80+0xb24]
J 3653 C1 org.apache.catalina.filters.CorsFilter.doFilter(Ljavax/servlet/ServletRequest;Ljavax/servlet/ServletResponse;Ljavax/servlet/FilterChain;)V (162 bytes) @ 0x0000000002c58bd4 [0x0000000002c58240+0x994]
J 2816 C1 org.apache.catalina.core.ApplicationFilterChain.internalDoFilter(Ljavax/servlet/ServletRequest;Ljavax/servlet/ServletResponse;)V (624 bytes) @ 0x0000000002942ce4 [0x00000000029426a0+0x644]
J 2815 C1 org.apache.catalina.core.ApplicationFilterChain.doFilter(Ljavax/servlet/ServletRequest;Ljavax/servlet/ServletResponse;)V (105 bytes) @ 0x000000000293e64c [0x000000000293e5c0+0x8c]
J 3850 C1 org.apache.catalina.core.StandardWrapperValve.invoke(Lorg/apache/catalina/connector/Request;Lorg/apache/catalina/connector/Response;)V (1416 bytes) @ 0x0000000002cd78b4 [0x0000000002cd11a0+0x6714]
J 3847 C1 org.apache.catalina.core.StandardContextValve.invoke(Lorg/apache/catalina/connector/Request;Lorg/apache/catalina/connector/Response;)V (172 bytes) @ 0x00000000023fee64 [0x00000000023fd800+0x1664]
J 3870 C1 org.apache.catalina.authenticator.AuthenticatorBase.invoke(Lorg/apache/catalina/connector/Request;Lorg/apache/catalina/connector/Response;)V (917 bytes) @ 0x0000000002be2e74 [0x0000000002bdba80+0x73f4]
J 4018 C1 org.apache.catalina.core.StandardHostValve.invoke(Lorg/apache/catalina/connector/Request;Lorg/apache/catalina/connector/Response;)V (364 bytes) @ 0x0000000002d7abfc [0x0000000002d795a0+0x165c]
J 3868 C1 org.apache.catalina.valves.ErrorReportValve.invoke(Lorg/apache/catalina/connector/Request;Lorg/apache/catalina/connector/Response;)V (114 bytes) @ 0x000000000224e094 [0x000000000224dee0+0x1b4]
J 3867 C1 org.apache.catalina.valves.AccessLogValve.invoke(Lorg/apache/catalina/connector/Request;Lorg/apache/catalina/connector/Response;)V (12 bytes) @ 0x000000000282a2d4 [0x000000000282a140+0x194]
J 3866 C1 org.apache.catalina.core.StandardEngineValve.invoke(Lorg/apache/catalina/connector/Request;Lorg/apache/catalina/connector/Response;)V (77 bytes) @ 0x000000000250c6e4 [0x000000000250bec0+0x824]
J 3649 C1 org.apache.catalina.connector.CoyoteAdapter.service(Lorg/apache/coyote/Request;Lorg/apache/coyote/Response;)V (505 bytes) @ 0x0000000002c4c0f4 [0x0000000002c4a7e0+0x1914]
J 3793 C1 org.apache.coyote.http11.AbstractHttp11Processor.process(Lorg/apache/tomcat/util/net/SocketWrapper;)Lorg/apache/tomcat/util/net/AbstractEndpoint$Handler$SocketState; (1078 bytes) @ 0x0000000002ca2754 [0x0000000002c9f240+0x3514]
J 3612 C1 org.apache.coyote.AbstractProtocol$AbstractConnectionHandler.process(Lorg/apache/tomcat/util/net/SocketWrapper;Lorg/apache/tomcat/util/net/SocketStatus;)Lorg/apache/tomcat/util/net/AbstractEndpoint$Handler$SocketState; (730 bytes) @ 0x0000000002bb6e24 [0x0000000002bb5d60+0x10c4]
J 3344 C1 org.apache.tomcat.util.net.JIoEndpoint$SocketProcessor.run()V (608 bytes) @ 0x00000000026c870c [0x00000000026c7a20+0xcec]
j  java.util.concurrent.ThreadPoolExecutor.runWorker(Ljava/util/concurrent/ThreadPoolExecutor$Worker;)V+95
j  java.util.concurrent.ThreadPoolExecutor$Worker.run()V+5
j  java.lang.Thread.run()V+11
v  ~StubRoutines::call_stub

---------------  P R O C E S S  ---------------

Java Threads: ( => current thread )
  0x000000001975d000 JavaThread "Thread-4555" daemon [_thread_in_vm, id=14776, stack(0x00000000446f0000,0x00000000447f0000)]
  0x0000000018108000 JavaThread "Thread-4552" daemon [_thread_in_native, id=10316, stack(0x0000000042320000,0x0000000042420000)]
  0x0000000019760000 JavaThread "Thread-4551" daemon [_thread_in_native, id=9536, stack(0x0000000042020000,0x0000000042120000)]
  0x000000001975e800 JavaThread "Thread-4323" daemon [_thread_in_native, id=4320, stack(0x0000000041620000,0x0000000041720000)]
  0x0000000018107000 JavaThread "Thread-4322" daemon [_thread_in_native, id=14392, stack(0x000000003fb50000,0x000000003fc50000)]
  0x0000000018106800 JavaThread "Thread-4311" daemon [_thread_in_native, id=6924, stack(0x0000000041920000,0x0000000041a20000)]
  0x0000000018069000 JavaThread "Thread-4310" daemon [_thread_in_native, id=12032, stack(0x0000000041320000,0x0000000041420000)]
  0x0000000019464800 JavaThread "Thread-4070" daemon [_thread_in_native, id=9608, stack(0x0000000040150000,0x0000000040250000)]
  0x0000000018102000 JavaThread "Thread-4069" daemon [_thread_in_native, id=11336, stack(0x000000003f750000,0x000000003f850000)]
  0x0000000018101000 JavaThread "Thread-4068" daemon [_thread_in_native, id=7644, stack(0x000000003ee50000,0x000000003ef50000)]
  0x00000000183cc000 JavaThread "Thread-4067" daemon [_thread_in_native, id=8704, stack(0x000000003fa50000,0x000000003fb50000)]
  0x0000000019271800 JavaThread "Thread-4066" daemon [_thread_in_native, id=12372, stack(0x000000003ea50000,0x000000003eb50000)]
  0x00000000183c9800 JavaThread "Thread-4064" daemon [_thread_in_native, id=13120, stack(0x000000003f350000,0x000000003f450000)]
  0x0000000018104000 JavaThread "Thread-4061" daemon [_thread_in_native, id=9676, stack(0x0000000027180000,0x0000000027280000)]
  0x0000000018103800 JavaThread "Thread-4060" daemon [_thread_in_native, id=11748, stack(0x000000003b8b0000,0x000000003b9b0000)]
  0x00000000183cb000 JavaThread "Thread-4059" daemon [_thread_in_native, id=13168, stack(0x000000003e450000,0x000000003e550000)]
  0x0000000019274800 JavaThread "Thread-4058" daemon [_thread_in_native, id=11872, stack(0x000000003e150000,0x000000003e250000)]
  0x00000000183ca800 JavaThread "Thread-4057" daemon [_thread_in_native, id=2872, stack(0x000000003a0b0000,0x000000003a1b0000)]
  0x000000001806a000 JavaThread "Thread-4055" daemon [_thread_in_native, id=11340, stack(0x000000003b0b0000,0x000000003b1b0000)]
  0x000000001926c000 JavaThread "Thread-4054" daemon [_thread_in_native, id=12756, stack(0x000000003b4b0000,0x000000003b5b0000)]
  0x000000001926f000 JavaThread "Thread-4053" daemon [_thread_in_native, id=6452, stack(0x000000003e750000,0x000000003e850000)]
  0x00000000183c9000 JavaThread "Thread-4051" daemon [_thread_in_native, id=13296, stack(0x000000003de50000,0x000000003df50000)]
  0x0000000018068800 JavaThread "Thread-4049" daemon [_thread_in_native, id=14264, stack(0x00000000397b0000,0x00000000398b0000)]
  0x000000001926b800 JavaThread "Thread-4047" daemon [_thread_in_native, id=11280, stack(0x000000003acb0000,0x000000003adb0000)]
  0x0000000018102800 JavaThread "Thread-4046" daemon [_thread_in_native, id=12060, stack(0x000000003db50000,0x000000003dc50000)]
  0x000000001975f800 JavaThread "Thread-3587" daemon [_thread_in_native, id=6736, stack(0x00000000391b0000,0x00000000392b0000)]
  0x0000000019759800 JavaThread "Thread-3586" daemon [_thread_in_native, id=6836, stack(0x0000000027380000,0x0000000027480000)]
  0x000000001975c800 JavaThread "Thread-3585" daemon [_thread_in_native, id=12912, stack(0x0000000021770000,0x0000000021870000)]
  0x000000001975b000 JavaThread "Thread-3582" daemon [_thread_in_native, id=12296, stack(0x000000002f630000,0x000000002f730000)]
  0x000000001975b800 JavaThread "Thread-3581" daemon [_thread_in_native, id=13132, stack(0x000000003a6b0000,0x000000003a7b0000)]
  0x0000000019757000 JavaThread "Thread-3580" daemon [_thread_in_native, id=12888, stack(0x000000003aab0000,0x000000003abb0000)]
  0x000000001975a000 JavaThread "Thread-3572" daemon [_thread_in_native, id=12948, stack(0x0000000039fb0000,0x000000003a0b0000)]
  0x0000000019758000 JavaThread "Thread-3570" daemon [_thread_in_native, id=11096, stack(0x000000003a5b0000,0x000000003a6b0000)]
  0x0000000019279000 JavaThread "Thread-3569" daemon [_thread_in_native, id=13756, stack(0x0000000038cb0000,0x0000000038db0000)]
  0x000000001927a000 JavaThread "Thread-3568" daemon [_thread_in_native, id=1112, stack(0x00000000390b0000,0x00000000391b0000)]
=>0x0000000019754000 JavaThread "http-bio-8080-exec-39" daemon [_thread_in_native, id=6408, stack(0x0000000021370000,0x0000000021470000)]
  0x0000000019758800 JavaThread "http-bio-8080-exec-38" daemon [_thread_blocked, id=14056, stack(0x00000000379e0000,0x0000000037ae0000)]
  0x0000000019753800 JavaThread "Thread-3166" daemon [_thread_in_native, id=12692, stack(0x0000000020770000,0x0000000020870000)]
  0x0000000019756800 JavaThread "Thread-3165" daemon [_thread_in_native, id=13524, stack(0x000000001e850000,0x000000001e950000)]
  0x0000000019752800 JavaThread "Thread-3164" daemon [_thread_in_native, id=13992, stack(0x0000000020370000,0x0000000020470000)]
  0x0000000019755800 JavaThread "Thread-3163" daemon [_thread_in_native, id=7968, stack(0x0000000021270000,0x0000000021370000)]
  0x0000000019755000 JavaThread "http-bio-8080-exec-37" daemon [_thread_in_native, id=1284, stack(0x000000001d850000,0x000000001d950000)]
  0x000000001926e800 JavaThread "http-bio-8080-exec-36" daemon [_thread_in_native, id=13740, stack(0x000000001c750000,0x000000001c850000)]
  0x0000000019277800 JavaThread "Thread-2874" daemon [_thread_in_native, id=3960, stack(0x000000001eb50000,0x000000001ec50000)]
  0x000000001927a800 JavaThread "Thread-2873" daemon [_thread_in_native, id=7764, stack(0x000000001f750000,0x000000001f850000)]
  0x0000000019276800 JavaThread "Thread-2872" daemon [_thread_in_native, id=13764, stack(0x000000001fb70000,0x000000001fc70000)]
  0x0000000019276000 JavaThread "Thread-2871" daemon [_thread_in_native, id=9532, stack(0x000000001e250000,0x000000001e350000)]
  0x0000000019270800 JavaThread "Thread-2828" daemon [_thread_in_native, id=10456, stack(0x000000001e550000,0x000000001e650000)]
  0x0000000019273000 JavaThread "Thread-2827" daemon [_thread_in_native, id=9056, stack(0x000000001d950000,0x000000001da50000)]
  0x0000000019278000 JavaThread "http-bio-8080-exec-35" daemon [_thread_blocked, id=14000, stack(0x000000001cb50000,0x000000001cc50000)]
  0x000000001926d000 JavaThread "http-bio-8080-exec-33" daemon [_thread_blocked, id=7904, stack(0x000000001c2e0000,0x000000001c3e0000)]
  0x0000000019270000 JavaThread "http-bio-8080-exec-29" daemon [_thread_blocked, id=13584, stack(0x000000001b210000,0x000000001b310000)]
  0x0000000019275000 JavaThread "http-bio-8080-exec-26" daemon [_thread_blocked, id=12336, stack(0x0000000021670000,0x0000000021770000)]
  0x0000000019273800 JavaThread "http-bio-8080-exec-25" daemon [_thread_in_native, id=7952, stack(0x0000000021570000,0x0000000021670000)]
  0x000000001926d800 JavaThread "http-bio-8080-exec-14" daemon [_thread_blocked, id=14132, stack(0x000000001ca50000,0x000000001cb50000)]
  0x0000000019830800 JavaThread "ajp-bio-8009-AsyncTimeout" daemon [_thread_blocked, id=13072, stack(0x000000001b110000,0x000000001b210000)]
  0x0000000019830000 JavaThread "ajp-bio-8009-Acceptor-0" daemon [_thread_in_native, id=9416, stack(0x000000001b010000,0x000000001b110000)]
  0x00000000195d8000 JavaThread "http-bio-8080-AsyncTimeout" daemon [_thread_blocked, id=13684, stack(0x000000001af10000,0x000000001b010000)]
  0x0000000019f01000 JavaThread "http-bio-8080-Acceptor-0" daemon [_thread_in_native, id=13484, stack(0x000000001ae10000,0x000000001af10000)]
  0x0000000019ca7800 JavaThread "ContainerBackgroundProcessor[StandardEngine[Catalina]]" daemon [_thread_blocked, id=12376, stack(0x000000001ad10000,0x000000001ae10000)]
  0x00000000191c4800 JavaThread "Thread-1" daemon [_thread_in_native, id=13800, stack(0x000000001ac10000,0x000000001ad10000)]
  0x00000000192b0000 JavaThread "GC Daemon" daemon [_thread_blocked, id=12280, stack(0x000000001a4b0000,0x000000001a5b0000)]
  0x000000001806e000 JavaThread "Service Thread" daemon [_thread_blocked, id=10576, stack(0x00000000188e0000,0x00000000189e0000)]
  0x0000000016ca6000 JavaThread "C1 CompilerThread2" daemon [_thread_blocked, id=12132, stack(0x00000000187e0000,0x00000000188e0000)]
  0x0000000016ca3000 JavaThread "C2 CompilerThread1" daemon [_thread_blocked, id=10164, stack(0x00000000186e0000,0x00000000187e0000)]
  0x0000000016c97000 JavaThread "C2 CompilerThread0" daemon [_thread_blocked, id=2856, stack(0x00000000185e0000,0x00000000186e0000)]
  0x0000000018023000 JavaThread "Attach Listener" daemon [_thread_blocked, id=14272, stack(0x00000000184e0000,0x00000000185e0000)]
  0x0000000018022800 JavaThread "Signal Dispatcher" daemon [_thread_blocked, id=11000, stack(0x00000000183e0000,0x00000000184e0000)]
  0x0000000001d62800 JavaThread "Finalizer" daemon [_thread_blocked, id=200, stack(0x0000000017ee0000,0x0000000017fe0000)]
  0x0000000016c48000 JavaThread "Reference Handler" daemon [_thread_blocked, id=14168, stack(0x0000000017de0000,0x0000000017ee0000)]
  0x0000000001c70800 JavaThread "main" [_thread_in_native, id=12556, stack(0x0000000000410000,0x0000000000510000)]

Other Threads:
  0x0000000016c46000 VMThread [stack: 0x0000000017ce0000,0x0000000017de0000] [id=6016]
  0x0000000018079800 WatcherThread [stack: 0x00000000189e0000,0x0000000018ae0000] [id=9896]

VM state:not at safepoint (normal execution)

VM Mutex/Monitor currently owned by a thread: None

Heap:
 PSYoungGen      total 52224K, used 33453K [0x00000000d5900000, 0x00000000dad80000, 0x0000000100000000)
  eden space 50176K, 63% used [0x00000000d5900000,0x00000000d7817538,0x00000000d8a00000)
  from space 2048K, 78% used [0x00000000d9080000,0x00000000d9214010,0x00000000d9280000)
  to   space 14848K, 0% used [0x00000000d9f00000,0x00000000d9f00000,0x00000000dad80000)
 ParOldGen       total 87552K, used 33516K [0x0000000080a00000, 0x0000000085f80000, 0x00000000d5900000)
  object space 87552K, 38% used [0x0000000080a00000,0x0000000082abb288,0x0000000085f80000)
 Metaspace       used 20509K, capacity 20884K, committed 21296K, reserved 1069056K
  class space    used 2180K, capacity 2318K, committed 2432K, reserved 1048576K

Card table byte_map: [0x0000000011480000,0x0000000011880000] byte_map_base: 0x000000001107b000

Marking Bits: (ParMarkBitMap*) 0x0000000054e6d490
 Begin Bits: [0x0000000011f30000, 0x0000000013f08000)
 End Bits:   [0x0000000013f08000, 0x0000000015ee0000)

Polling page: 0x0000000001c40000

CodeCache: size=245760Kb used=13916Kb max_used=13962Kb free=231843Kb
 bounds [0x00000000020c0000, 0x0000000002ea0000, 0x00000000110c0000]
 total_blobs=4149 nmethods=3733 adapters=329
 compilation: enabled

Compilation events (10 events):
Event: 4423.278 Thread 0x0000000016ca6000 4415       3       java.util.regex.Pattern$LastNode::match (45 bytes)
Event: 4423.278 Thread 0x0000000016ca6000 nmethod 4415 0x00000000028aadd0 code [0x00000000028aaf40, 0x00000000028ab170]
Event: 4423.282 Thread 0x0000000016ca6000 4418       3       java.util.regex.Matcher::end (22 bytes)
Event: 4423.283 Thread 0x0000000016ca6000 nmethod 4418 0x00000000028ffed0 code [0x0000000002900040, 0x0000000002900288]
Event: 4423.284 Thread 0x0000000016ca3000 nmethod 4413 0x00000000028ff590 code [0x00000000028ff720, 0x00000000028ffac0]
Event: 4423.284 Thread 0x0000000016ca3000 4416       4       java.io.PrintStream::print (13 bytes)
Event: 4423.296 Thread 0x0000000016c97000 nmethod 4414 0x00000000028bd990 code [0x00000000028bdb40, 0x00000000028be980]
Event: 4423.296 Thread 0x0000000016c97000 4417       4       org.codehaus.jackson.map.introspect.AnnotatedMethodMap::isEmpty (23 bytes)
Event: 4423.297 Thread 0x0000000016c97000 nmethod 4417 0x0000000002219510 code [0x0000000002219640, 0x00000000022196b8]
Event: 4423.301 Thread 0x0000000016ca3000 nmethod 4416 0x0000000002b05690 code [0x0000000002b05840, 0x0000000002b066c0]

GC Heap History (10 events):
Event: 2863.040 GC heap before
{Heap before GC invocations=11 (full 0):
 PSYoungGen      total 59904K, used 59744K [0x00000000d5900000, 0x00000000dcd80000, 0x0000000100000000)
  eden space 57856K, 100% used [0x00000000d5900000,0x00000000d9180000,0x00000000d9180000)
  from space 2048K, 92% used [0x00000000dcb80000,0x00000000dcd580c0,0x00000000dcd80000)
  to   space 16384K, 0% used [0x00000000dad80000,0x00000000dad80000,0x00000000dbd80000)
 ParOldGen       total 87552K, used 30064K [0x0000000080a00000, 0x0000000085f80000, 0x00000000d5900000)
  object space 87552K, 34% used [0x0000000080a00000,0x000000008275c0e0,0x0000000085f80000)
 Metaspace       used 20235K, capacity 20546K, committed 20992K, reserved 1069056K
  class space    used 2156K, capacity 2251K, committed 2304K, reserved 1048576K
Event: 2863.045 GC heap after
Heap after GC invocations=11 (full 0):
 PSYoungGen      total 57344K, used 992K [0x00000000d5900000, 0x00000000dcc00000, 0x0000000100000000)
  eden space 56320K, 0% used [0x00000000d5900000,0x00000000d5900000,0x00000000d9000000)
  from space 1024K, 96% used [0x00000000dad80000,0x00000000dae78020,0x00000000dae80000)
  to   space 16384K, 0% used [0x00000000dbc00000,0x00000000dbc00000,0x00000000dcc00000)
 ParOldGen       total 87552K, used 31524K [0x0000000080a00000, 0x0000000085f80000, 0x00000000d5900000)
  object space 87552K, 36% used [0x0000000080a00000,0x00000000828c9288,0x0000000085f80000)
 Metaspace       used 20235K, capacity 20546K, committed 20992K, reserved 1069056K
  class space    used 2156K, capacity 2251K, committed 2304K, reserved 1048576K
}
Event: 3156.531 GC heap before
{Heap before GC invocations=12 (full 0):
 PSYoungGen      total 57344K, used 57312K [0x00000000d5900000, 0x00000000dcc00000, 0x0000000100000000)
  eden space 56320K, 100% used [0x00000000d5900000,0x00000000d9000000,0x00000000d9000000)
  from space 1024K, 96% used [0x00000000dad80000,0x00000000dae78020,0x00000000dae80000)
  to   space 16384K, 0% used [0x00000000dbc00000,0x00000000dbc00000,0x00000000dcc00000)
 ParOldGen       total 87552K, used 31524K [0x0000000080a00000, 0x0000000085f80000, 0x00000000d5900000)
  object space 87552K, 36% used [0x0000000080a00000,0x00000000828c9288,0x0000000085f80000)
 Metaspace       used 20287K, capacity 20578K, committed 20992K, reserved 1069056K
  class space    used 2159K, capacity 2283K, committed 2304K, reserved 1048576K
Event: 3156.539 GC heap after
Heap after GC invocations=12 (full 0):
 PSYoungGen      total 55808K, used 880K [0x00000000d5900000, 0x00000000dbd00000, 0x0000000100000000)
  eden space 54784K, 0% used [0x00000000d5900000,0x00000000d5900000,0x00000000d8e80000)
  from space 1024K, 85% used [0x00000000dbc00000,0x00000000dbcdc010,0x00000000dbd00000)
  to   space 16384K, 0% used [0x00000000d9d00000,0x00000000d9d00000,0x00000000dad00000)
 ParOldGen       total 87552K, used 32092K [0x0000000080a00000, 0x0000000085f80000, 0x00000000d5900000)
  object space 87552K, 36% used [0x0000000080a00000,0x0000000082957288,0x0000000085f80000)
 Metaspace       used 20287K, capacity 20578K, committed 20992K, reserved 1069056K
  class space    used 2159K, capacity 2283K, committed 2304K, reserved 1048576K
}
Event: 3450.570 GC heap before
{Heap before GC invocations=13 (full 0):
 PSYoungGen      total 55808K, used 55664K [0x00000000d5900000, 0x00000000dbd00000, 0x0000000100000000)
  eden space 54784K, 100% used [0x00000000d5900000,0x00000000d8e80000,0x00000000d8e80000)
  from space 1024K, 85% used [0x00000000dbc00000,0x00000000dbcdc010,0x00000000dbd00000)
  to   space 16384K, 0% used [0x00000000d9d00000,0x00000000d9d00000,0x00000000dad00000)
 ParOldGen       total 87552K, used 32092K [0x0000000080a00000, 0x0000000085f80000, 0x00000000d5900000)
  object space 87552K, 36% used [0x0000000080a00000,0x0000000082957288,0x0000000085f80000)
 Metaspace       used 20300K, capacity 20578K, committed 20992K, reserved 1069056K
  class space    used 2160K, capacity 2283K, committed 2304K, reserved 1048576K
Event: 3450.577 GC heap after
Heap after GC invocations=13 (full 0):
 PSYoungGen      total 69632K, used 1040K [0x00000000d5900000, 0x00000000dbc80000, 0x0000000100000000)
  eden space 53248K, 0% used [0x00000000d5900000,0x00000000d5900000,0x00000000d8d00000)
  from space 16384K, 6% used [0x00000000d9d00000,0x00000000d9e04010,0x00000000dad00000)
  to   space 15872K, 0% used [0x00000000dad00000,0x00000000dad00000,0x00000000dbc80000)
 ParOldGen       total 87552K, used 32580K [0x0000000080a00000, 0x0000000085f80000, 0x00000000d5900000)
  object space 87552K, 37% used [0x0000000080a00000,0x00000000829d1288,0x0000000085f80000)
 Metaspace       used 20300K, capacity 20578K, committed 20992K, reserved 1069056K
  class space    used 2160K, capacity 2283K, committed 2304K, reserved 1048576K
}
Event: 3735.773 GC heap before
{Heap before GC invocations=14 (full 0):
 PSYoungGen      total 69632K, used 54288K [0x00000000d5900000, 0x00000000dbc80000, 0x0000000100000000)
  eden space 53248K, 100% used [0x00000000d5900000,0x00000000d8d00000,0x00000000d8d00000)
  from space 16384K, 6% used [0x00000000d9d00000,0x00000000d9e04010,0x00000000dad00000)
  to   space 15872K, 0% used [0x00000000dad00000,0x00000000dad00000,0x00000000dbc80000)
 ParOldGen       total 87552K, used 32580K [0x0000000080a00000, 0x0000000085f80000, 0x00000000d5900000)
  object space 87552K, 37% used [0x0000000080a00000,0x00000000829d1288,0x0000000085f80000)
 Metaspace       used 20383K, capacity 20706K, committed 20992K, reserved 1069056K
  class space    used 2167K, capacity 2283K, committed 2304K, reserved 1048576K
Event: 3735.777 GC heap after
Heap after GC invocations=14 (full 0):
 PSYoungGen      total 53248K, used 1104K [0x00000000d5900000, 0x00000000dae80000, 0x0000000100000000)
  eden space 51712K, 0% used [0x00000000d5900000,0x00000000d5900000,0x00000000d8b80000)
  from space 1536K, 71% used [0x00000000dad00000,0x00000000dae14010,0x00000000dae80000)
  to   space 15360K, 0% used [0x00000000d9080000,0x00000000d9080000,0x00000000d9f80000)
 ParOldGen       total 87552K, used 33092K [0x0000000080a00000, 0x0000000085f80000, 0x00000000d5900000)
  object space 87552K, 37% used [0x0000000080a00000,0x0000000082a51288,0x0000000085f80000)
 Metaspace       used 20383K, capacity 20706K, committed 20992K, reserved 1069056K
  class space    used 2167K, capacity 2283K, committed 2304K, reserved 1048576K
}
Event: 4204.888 GC heap before
{Heap before GC invocations=15 (full 0):
 PSYoungGen      total 53248K, used 52816K [0x00000000d5900000, 0x00000000dae80000, 0x0000000100000000)
  eden space 51712K, 100% used [0x00000000d5900000,0x00000000d8b80000,0x00000000d8b80000)
  from space 1536K, 71% used [0x00000000dad00000,0x00000000dae14010,0x00000000dae80000)
  to   space 15360K, 0% used [0x00000000d9080000,0x00000000d9080000,0x00000000d9f80000)
 ParOldGen       total 87552K, used 33092K [0x0000000080a00000, 0x0000000085f80000, 0x00000000d5900000)
  object space 87552K, 37% used [0x0000000080a00000,0x0000000082a51288,0x0000000085f80000)
 Metaspace       used 20401K, capacity 20712K, committed 20992K, reserved 1069056K
  class space    used 2168K, capacity 2284K, committed 2304K, reserved 1048576K
Event: 4204.894 GC heap after
Heap after GC invocations=15 (full 0):
 PSYoungGen      total 52224K, used 1616K [0x00000000d5900000, 0x00000000dad80000, 0x0000000100000000)
  eden space 50176K, 0% used [0x00000000d5900000,0x00000000d5900000,0x00000000d8a00000)
  from space 2048K, 78% used [0x00000000d9080000,0x00000000d9214010,0x00000000d9280000)
  to   space 14848K, 0% used [0x00000000d9f00000,0x00000000d9f00000,0x00000000dad80000)
 ParOldGen       total 87552K, used 33516K [0x0000000080a00000, 0x0000000085f80000, 0x00000000d5900000)
  object space 87552K, 38% used [0x0000000080a00000,0x0000000082abb288,0x0000000085f80000)
 Metaspace       used 20401K, capacity 20712K, committed 20992K, reserved 1069056K
  class space    used 2168K, capacity 2284K, committed 2304K, reserved 1048576K
}

Deoptimization events (10 events):
Event: 3599.188 Thread 0x0000000019761000 Uncommon trap: reason=class_check action=maybe_recompile pc=0x0000000002c6aea8 method=com.fxcore2.AO2GObject.<init>(JZ)V @ 19
Event: 4145.602 Thread 0x0000000019270000 Uncommon trap: reason=range_check action=make_not_entrant pc=0x00000000022d569c method=java.text.SimpleDateFormat.format(Ljava/util/Date;Ljava/lang/StringBuffer;Ljava/text/Format$FieldDelegate;)Ljava/lang/StringBuffer; @ 48
Event: 4417.360 Thread 0x0000000019273800 Uncommon trap: reason=unreached action=reinterpret pc=0x0000000002a5d5ac method=java.util.concurrent.locks.AbstractQueuedSynchronizer.doReleaseShared()V @ 6
Event: 4419.836 Thread 0x0000000019760000 Uncommon trap: reason=class_check action=maybe_recompile pc=0x00000000028b05f4 method=com.fxcore2.O2GSession.onTablesUpdates(J)V @ 71
Event: 4420.508 Thread 0x0000000019760000 Uncommon trap: reason=class_check action=maybe_recompile pc=0x00000000028b05f4 method=com.fxcore2.O2GSession.onTablesUpdates(J)V @ 71
Event: 4421.114 Thread 0x0000000019760000 Uncommon trap: reason=class_check action=maybe_recompile pc=0x0000000002c6aea8 method=com.fxcore2.AO2GObject.<init>(JZ)V @ 19
Event: 4421.128 Thread 0x0000000019760000 Uncommon trap: reason=class_check action=maybe_recompile pc=0x0000000002c6aea8 method=com.fxcore2.AO2GObject.<init>(JZ)V @ 19
Event: 4421.128 Thread 0x0000000019760000 Uncommon trap: reason=class_check action=maybe_recompile pc=0x0000000002c6aea8 method=com.fxcore2.AO2GObject.<init>(JZ)V @ 19
Event: 4421.128 Thread 0x0000000019760000 Uncommon trap: reason=class_check action=maybe_recompile pc=0x00000000028b05f4 method=com.fxcore2.O2GSession.onTablesUpdates(J)V @ 71
Event: 4422.095 Thread 0x0000000018108000 Uncommon trap: reason=class_check action=maybe_recompile pc=0x00000000028b05f4 method=com.fxcore2.O2GSession.onTablesUpdates(J)V @ 71

Internal exceptions (10 events):
Event: 4417.356 Thread 0x0000000019270000 Exception <a 'java/security/PrivilegedActionException'> (0x00000000d7705678) thrown at [D:\re\workspace\8-2-build-windows-amd64-cygwin\jdk8u25\1677\hotspot\src\share\vm\prims\jvm.cpp, line 1312]
Event: 4417.356 Thread 0x0000000019270000 Exception <a 'java/security/PrivilegedActionException'> (0x00000000d77063d0) thrown at [D:\re\workspace\8-2-build-windows-amd64-cygwin\jdk8u25\1677\hotspot\src\share\vm\prims\jvm.cpp, line 1312]
Event: 4420.585 Thread 0x000000001926e800 Exception <a 'java/security/PrivilegedActionException'> (0x00000000d76da1f0) thrown at [D:\re\workspace\8-2-build-windows-amd64-cygwin\jdk8u25\1677\hotspot\src\share\vm\prims\jvm.cpp, line 1312]
Event: 4420.587 Thread 0x0000000019270000 Exception <a 'java/security/PrivilegedActionException'> (0x00000000d7711930) thrown at [D:\re\workspace\8-2-build-windows-amd64-cygwin\jdk8u25\1677\hotspot\src\share\vm\prims\jvm.cpp, line 1312]
Event: 4421.114 Thread 0x0000000019760000 Exception <a 'java/security/PrivilegedActionException'> (0x00000000d77475c8) thrown at [D:\re\workspace\8-2-build-windows-amd64-cygwin\jdk8u25\1677\hotspot\src\share\vm\prims\jvm.cpp, line 1312]
Event: 4421.114 Thread 0x0000000019760000 Exception <a 'java/security/PrivilegedActionException'> (0x00000000d7747f70) thrown at [D:\re\workspace\8-2-build-windows-amd64-cygwin\jdk8u25\1677\hotspot\src\share\vm\prims\jvm.cpp, line 1312]
Event: 4421.119 Thread 0x0000000019760000 Exception <a 'java/security/PrivilegedActionException'> (0x00000000d774eea0) thrown at [D:\re\workspace\8-2-build-windows-amd64-cygwin\jdk8u25\1677\hotspot\src\share\vm\prims\jvm.cpp, line 1312]
Event: 4421.119 Thread 0x0000000019760000 Exception <a 'java/security/PrivilegedActionException'> (0x00000000d774f950) thrown at [D:\re\workspace\8-2-build-windows-amd64-cygwin\jdk8u25\1677\hotspot\src\share\vm\prims\jvm.cpp, line 1312]
Event: 4421.124 Thread 0x0000000019760000 Exception <a 'java/security/PrivilegedActionException'> (0x00000000d7755a60) thrown at [D:\re\workspace\8-2-build-windows-amd64-cygwin\jdk8u25\1677\hotspot\src\share\vm\prims\jvm.cpp, line 1312]
Event: 4421.124 Thread 0x0000000019760000 Exception <a 'java/security/PrivilegedActionException'> (0x00000000d77565c8) thrown at [D:\re\workspace\8-2-build-windows-amd64-cygwin\jdk8u25\1677\hotspot\src\share\vm\prims\jvm.cpp, line 1312]

Events (10 events):
Event: 4421.128 Thread 0x0000000019760000 DEOPT UNPACKING pc=0x000000000210556a sp=0x000000004211f4d8 mode 2
Event: 4422.095 Thread 0x0000000018108000 Thread added: 0x0000000018108000
Event: 4422.095 Thread 0x0000000018108000 Uncommon trap: trap_request=0xffffffde fr.pc=0x00000000028b05f4
Event: 4422.095 Thread 0x0000000018108000 DEOPT PACKING pc=0x00000000028b05f4 sp=0x000000004241f210
Event: 4422.095 Thread 0x0000000018108000 DEOPT UNPACKING pc=0x000000000210556a sp=0x000000004241f1d8 mode 2
Event: 4423.278 Thread 0x0000000018105000 Thread added: 0x0000000018105000
Event: 4423.278 Thread 0x0000000018105800 Thread added: 0x0000000018105800
Event: 4423.279 Thread 0x000000001975d000 Thread added: 0x000000001975d000
Event: 4423.283 Thread 0x0000000018105000 Thread exited: 0x0000000018105000
Event: 4423.283 Thread 0x0000000018105800 Thread exited: 0x0000000018105800


Dynamic libraries:
0x00007ff6be910000 - 0x00007ff6be944000 	C:\Program Files\Java\jre1.8.0_25\bin\javaw.exe
0x00007ffc1dd40000 - 0x00007ffc1dee6000 	C:\WINDOWS\SYSTEM32\ntdll.dll
0x00007ffc1d510000 - 0x00007ffc1d64a000 	C:\WINDOWS\system32\KERNEL32.DLL
0x00007ffc1b360000 - 0x00007ffc1b46f000 	C:\WINDOWS\system32\KERNELBASE.dll
0x00007ffc19cc0000 - 0x00007ffc19d48000 	C:\WINDOWS\system32\apphelp.dll
0x00007ffc11b80000 - 0x00007ffc11bcf000 	C:\WINDOWS\AppPatch\AppPatch64\AcGenral.DLL
0x00007ffc1d320000 - 0x00007ffc1d3c7000 	C:\WINDOWS\system32\msvcrt.dll
0x00007ffc1ae90000 - 0x00007ffc1aebb000 	C:\WINDOWS\SYSTEM32\SspiCli.dll
0x00007ffc1bc30000 - 0x00007ffc1bc81000 	C:\WINDOWS\system32\SHLWAPI.dll
0x00007ffc1db60000 - 0x00007ffc1dcd1000 	C:\WINDOWS\system32\USER32.dll
0x00007ffc1b900000 - 0x00007ffc1ba78000 	C:\WINDOWS\system32\ole32.dll
0x00007ffc1bf10000 - 0x00007ffc1d31f000 	C:\WINDOWS\system32\SHELL32.dll
0x00007ffc1a6a0000 - 0x00007ffc1a6be000 	C:\WINDOWS\SYSTEM32\USERENV.dll
0x00007ffc1d650000 - 0x00007ffc1d6f5000 	C:\WINDOWS\system32\ADVAPI32.dll
0x00007ffc10cd0000 - 0x00007ffc10ceb000 	C:\WINDOWS\SYSTEM32\MPR.dll
0x00007ffc1d3d0000 - 0x00007ffc1d507000 	C:\WINDOWS\system32\RPCRT4.dll
0x00007ffc1d990000 - 0x00007ffc1d9e7000 	C:\WINDOWS\SYSTEM32\sechost.dll
0x00007ffc1bc90000 - 0x00007ffc1be66000 	C:\WINDOWS\SYSTEM32\combase.dll
0x00007ffc1b7b0000 - 0x00007ffc1b8f4000 	C:\WINDOWS\system32\GDI32.dll
0x00007ffc1b0b0000 - 0x00007ffc1b0c4000 	C:\WINDOWS\SYSTEM32\profapi.dll
0x00007ffc19970000 - 0x00007ffc19a0f000 	C:\WINDOWS\SYSTEM32\SHCORE.dll
0x00007ffc1d950000 - 0x00007ffc1d984000 	C:\WINDOWS\system32\IMM32.DLL
0x00007ffc1da10000 - 0x00007ffc1db49000 	C:\WINDOWS\system32\MSCTF.dll
0x00007ffc19540000 - 0x00007ffc1979a000 	C:\WINDOWS\WinSxS\amd64_microsoft.windows.common-controls_6595b64144ccf1df_6.0.9600.17031_none_6242a4b3ecbb55a1\COMCTL32.dll
0x0000000054ef0000 - 0x0000000054fc2000 	C:\Program Files\Java\jre1.8.0_25\bin\msvcr100.dll
0x0000000054690000 - 0x0000000054eea000 	C:\Program Files\Java\jre1.8.0_25\bin\server\jvm.dll
0x00007ffc158b0000 - 0x00007ffc158b9000 	C:\WINDOWS\SYSTEM32\WSOCK32.dll
0x00007ffc10e70000 - 0x00007ffc10e8f000 	C:\WINDOWS\SYSTEM32\WINMM.dll
0x00007ffc1d940000 - 0x00007ffc1d947000 	C:\WINDOWS\system32\PSAPI.DLL
0x00007ffc1b670000 - 0x00007ffc1b6c8000 	C:\WINDOWS\system32\WS2_32.dll
0x00007ffc10cf0000 - 0x00007ffc10d1a000 	C:\WINDOWS\SYSTEM32\WINMMBASE.dll
0x00007ffc1b6d0000 - 0x00007ffc1b6d9000 	C:\WINDOWS\system32\NSI.dll
0x00007ffc1b520000 - 0x00007ffc1b56a000 	C:\WINDOWS\SYSTEM32\cfgmgr32.dll
0x00007ffc19f20000 - 0x00007ffc19f46000 	C:\WINDOWS\SYSTEM32\DEVOBJ.dll
0x0000000055f60000 - 0x0000000055f6f000 	C:\Program Files\Java\jre1.8.0_25\bin\verify.dll
0x0000000054660000 - 0x0000000054688000 	C:\Program Files\Java\jre1.8.0_25\bin\java.dll
0x0000000054640000 - 0x0000000054656000 	C:\Program Files\Java\jre1.8.0_25\bin\zip.dll
0x0000000055f50000 - 0x0000000055f5d000 	C:\Program Files\Java\jre1.8.0_25\bin\management.dll
0x0000000054620000 - 0x000000005463a000 	C:\Program Files\Java\jre1.8.0_25\bin\net.dll
0x00007ffc1a8f0000 - 0x00007ffc1a948000 	C:\WINDOWS\system32\mswsock.dll
0x0000000054600000 - 0x0000000054611000 	C:\Program Files\Java\jre1.8.0_25\bin\nio.dll
0x00000000544f0000 - 0x0000000054514000 	C:\Program Files\Java\jre1.8.0_25\bin\sunec.dll
0x00000000544e0000 - 0x00000000544eb000 	C:\Program Files\Java\jre1.8.0_25\bin\sunmscapi.dll
0x00007ffc1b180000 - 0x00007ffc1b357000 	C:\WINDOWS\system32\CRYPT32.dll
0x00007ffc1b160000 - 0x00007ffc1b172000 	C:\WINDOWS\system32\MSASN1.dll
0x00007ffc1a950000 - 0x00007ffc1a96e000 	C:\WINDOWS\SYSTEM32\CRYPTSP.dll
0x00007ffc1a590000 - 0x00007ffc1a5c5000 	C:\WINDOWS\system32\rsaenh.dll
0x00007ffc1ab90000 - 0x00007ffc1abb6000 	C:\WINDOWS\SYSTEM32\bcrypt.dll
0x00007ffc1af20000 - 0x00007ffc1af80000 	C:\WINDOWS\system32\bcryptprimitives.dll
0x00007ffc1af80000 - 0x00007ffc1af8a000 	C:\WINDOWS\SYSTEM32\CRYPTBASE.dll
0x00007ffc178c0000 - 0x00007ffc178e9000 	C:\WINDOWS\SYSTEM32\IPHLPAPI.DLL
0x00007ffc16ae0000 - 0x00007ffc16aea000 	C:\WINDOWS\SYSTEM32\WINNSI.DLL
0x00007ffc162d0000 - 0x00007ffc162e4000 	C:\WINDOWS\SYSTEM32\dhcpcsvc6.DLL
0x00007ffc169c0000 - 0x00007ffc169d9000 	C:\WINDOWS\SYSTEM32\dhcpcsvc.DLL
0x00007ffc1a700000 - 0x00007ffc1a7a3000 	C:\WINDOWS\SYSTEM32\DNSAPI.dll
0x00007ffc13a50000 - 0x00007ffc13a59000 	C:\Windows\System32\rasadhlp.dll
0x00007ffc15f80000 - 0x00007ffc15fe8000 	C:\WINDOWS\System32\fwpuclnt.dll
0x00007ffc099b0000 - 0x00007ffc09a08000 	C:\Users\mylyf_000\Dropbox\Project\SuperTrade\ForexConnectAPI\WebContent\WEB-INF\bin\gsexpat.dll
0x0000000055d70000 - 0x0000000055e79000 	C:\WINDOWS\WinSxS\amd64_microsoft.vc80.crt_1fc8b3b9a1e18e3b_8.0.50727.8428_none_88dcdb0b2fb19957\MSVCP80.dll
0x0000000055e80000 - 0x0000000055f49000 	C:\WINDOWS\WinSxS\amd64_microsoft.vc80.crt_1fc8b3b9a1e18e3b_8.0.50727.8428_none_88dcdb0b2fb19957\MSVCR80.dll
0x00007ffc12fc0000 - 0x00007ffc12fd3000 	C:\Users\mylyf_000\Dropbox\Project\SuperTrade\ForexConnectAPI\WebContent\WEB-INF\bin\gstool3.dll
0x0000000180000000 - 0x0000000180034000 	C:\Users\mylyf_000\Dropbox\Project\SuperTrade\ForexConnectAPI\WebContent\WEB-INF\bin\httplib.dll
0x00007ffc13fc0000 - 0x00007ffc14085000 	C:\WINDOWS\SYSTEM32\WINHTTP.dll
0x00007ffc142a0000 - 0x00007ffc144eb000 	C:\WINDOWS\SYSTEM32\WININET.dll
0x00007ffc14890000 - 0x00007ffc14a16000 	C:\WINDOWS\SYSTEM32\urlmon.dll
0x00007ffc144f0000 - 0x00007ffc147b7000 	C:\WINDOWS\SYSTEM32\iertutil.dll
0x00007ffc06780000 - 0x00007ffc067ec000 	C:\Users\mylyf_000\Dropbox\Project\SuperTrade\ForexConnectAPI\WebContent\WEB-INF\bin\fxmsg.dll
0x00007ffc18bf0000 - 0x00007ffc18bfa000 	C:\WINDOWS\SYSTEM32\VERSION.dll
0x000000001d4b0000 - 0x000000001d546000 	C:\Users\mylyf_000\Dropbox\Project\SuperTrade\ForexConnectAPI\WebContent\WEB-INF\bin\log4cplus.dll
0x00007ffbfae60000 - 0x00007ffbfaf79000 	C:\Users\mylyf_000\Dropbox\Project\SuperTrade\ForexConnectAPI\WebContent\WEB-INF\bin\ForexConnect.dll
0x00007ffc123a0000 - 0x00007ffc123ba000 	C:\Users\mylyf_000\Dropbox\Project\SuperTrade\ForexConnectAPI\WebContent\WEB-INF\bin\gszlib.dll
0x00007ffc1b6e0000 - 0x00007ffc1b7a1000 	C:\WINDOWS\system32\OLEAUT32.dll
0x00007ffc11bf0000 - 0x00007ffc11c23000 	C:\Users\mylyf_000\Dropbox\Project\SuperTrade\ForexConnectAPI\WebContent\WEB-INF\bin\pdas.dll
0x00007ffc120a0000 - 0x00007ffc120b5000 	C:\Users\mylyf_000\Dropbox\Project\SuperTrade\ForexConnectAPI\WebContent\WEB-INF\bin\java\fxcore2.dll
0x00007ffc13c20000 - 0x00007ffc13c9e000 	C:\WINDOWS\SYSTEM32\webio.dll
0x00007ffc12480000 - 0x00007ffc12494000 	C:\WINDOWS\system32\napinsp.dll
0x00007ffc124a0000 - 0x00007ffc124b9000 	C:\WINDOWS\system32\pnrpnsp.dll
0x00007ffc17820000 - 0x00007ffc17839000 	C:\WINDOWS\system32\NLAapi.dll
0x00007ffc12780000 - 0x00007ffc1278c000 	C:\WINDOWS\System32\winrnr.dll
0x00007ffc12740000 - 0x00007ffc12753000 	C:\WINDOWS\system32\wshbth.dll
0x00007ffc1a4e0000 - 0x00007ffc1a54c000 	C:\WINDOWS\system32\schannel.DLL
0x00007ffc1a290000 - 0x00007ffc1a2b2000 	C:\WINDOWS\SYSTEM32\gpapi.dll
0x00007ffc1ab60000 - 0x00007ffc1ab84000 	C:\WINDOWS\SYSTEM32\ncrypt.dll
0x00007ffc1ab20000 - 0x00007ffc1ab5a000 	C:\WINDOWS\SYSTEM32\NTASN1.dll
0x00007ffc12270000 - 0x00007ffc1228c000 	C:\WINDOWS\system32\ncryptsslp.dll
0x00007ffc17570000 - 0x00007ffc176f8000 	C:\WINDOWS\SYSTEM32\dbghelp.dll

VM Arguments:
jvm_args: -Djava.library.path=.;./java -Dcatalina.base=C:\Users\mylyf_000\Dropbox\Project\SuperTrade\.metadata\.plugins\org.eclipse.wst.server.core\tmp0 -Dcatalina.home=C:\Tomcat7.0 -Dwtp.deploy=C:\Users\mylyf_000\Dropbox\Project\SuperTrade\.metadata\.plugins\org.eclipse.wst.server.core\tmp0\wtpwebapps -Djava.endorsed.dirs=C:\Tomcat7.0\endorsed -Dfile.encoding=MS950 
java_command: org.apache.catalina.startup.Bootstrap start
java_class_path (initial): C:\Tomcat7.0\bin\bootstrap.jar;C:\Tomcat7.0\bin\tomcat-juli.jar;C:\Users\mylyf_000\Dropbox\Project\SuperTrade\ForexConnectAPI\WebContent\WEB-INF\bin\java\fxcore2.jar
Launcher Type: SUN_STANDARD

Environment Variables:
JAVA_HOME=C:\Program Files\Java\jre1.8.0_25
CLASSPATH=C:\xampp\tomcat\lib\servlet-api.jar
PATH=C:/Program Files/Java/jre1.8.0_25/bin/server;C:/Program Files/Java/jre1.8.0_25/bin;C:/Program Files/Java/jre1.8.0_25/lib/amd64;C:\ProgramData\Oracle\Java\javapath;C:\Program Files (x86)\AMD APP\bin\x86_64;C:\Program Files (x86)\AMD APP\bin\x86;C:\Program Files (x86)\Intel\iCLS Client\;C:\Program Files\Intel\iCLS Client\;C:\WINDOWS\system32;C:\WINDOWS;C:\WINDOWS\System32\Wbem;C:\WINDOWS\System32\WindowsPowerShell\v1.0\;C:\Program Files\Intel\Intel(R) Management Engine Components\DAL;C:\Program Files\Intel\Intel(R) Management Engine Components\IPT;C:\Program Files (x86)\Intel\Intel(R) Management Engine Components\DAL;C:\Program Files (x86)\Intel\Intel(R) Management Engine Components\IPT;C:\Program Files (x86)\ATI Technologies\ATI.ACE\Core-Static;C:\Program Files\nodejs\;C:\Program Files\Java\jre1.8.0_25\bin;C:\Users\mylyf_000\AppData\Roaming\npm;E:\eclipse;
USERNAME=mylyf_000
OS=Windows_NT
PROCESSOR_IDENTIFIER=Intel64 Family 6 Model 58 Stepping 9, GenuineIntel



---------------  S Y S T E M  ---------------

OS: Windows 8.1 , 64 bit Build 9600 

CPU:total 4 (2 cores per cpu, 2 threads per core) family 6 model 58 stepping 9, cmov, cx8, fxsr, mmx, sse, sse2, sse3, ssse3, sse4.1, sse4.2, popcnt, avx, aes, clmul, erms, ht, tsc, tscinvbit, tscinv

Memory: 4k page, physical 8339684k(961532k free), swap 17252580k(5850432k free)

vm_info: Java HotSpot(TM) 64-Bit Server VM (25.25-b02) for windows-amd64 JRE (1.8.0_25-b18), built on Oct  7 2014 14:25:37 by "java_re" with MS VC++ 10.0 (VS2010)

time: Mon Nov 24 13:43:28 2014
elapsed time: 4423 seconds (0d 1h 13m 43s)

